05-08-2023 15:16:35 [Clase: MakeJsonRequets.java Línea: 23] - Consumption of a Get request
05-08-2023 15:16:35 [Clase: MakeJsonRequets.java Línea: 58] - El servicio respondio un código 200 OK
05-08-2023 15:16:35 [Clase: MakeJsonRequets.java Línea: 59] - [Ljava.lang.String;@399b9e
05-08-2023 15:16:35 [Clase: ConsultCity.java Línea: 27] - Holaa
05-08-2023 15:16:35 [Clase: MakeJsonRequets.java Línea: 23] - Consumption of a Get request
05-08-2023 15:16:36 [Clase: MakeJsonRequets.java Línea: 58] - El servicio respondio un código 200 OK
05-08-2023 15:16:36 [Clase: MakeJsonRequets.java Línea: 59] - [Ljava.lang.String;@901445
05-08-2023 15:29:52 [Clase: MakeJsonRequets.java Línea: 23] - Consumption of a Get request
05-08-2023 15:29:53 [Clase: MakeJsonRequets.java Línea: 58] - El servicio respondio un código 200 OK
05-08-2023 15:29:53 [Clase: MakeJsonRequets.java Línea: 59] - [Ljava.lang.String;@399b9e
05-08-2023 15:29:53 [Clase: ConsultCity.java Línea: 27] - Holaa
05-08-2023 15:29:53 [Clase: MakeJsonRequets.java Línea: 23] - Consumption of a Get request
05-08-2023 15:29:53 [Clase: MakeJsonRequets.java Línea: 58] - El servicio respondio un código 200 OK
05-08-2023 15:29:53 [Clase: MakeJsonRequets.java Línea: 59] - [Ljava.lang.String;@901445
05-08-2023 15:30:44 [Clase: MakeJsonRequets.java Línea: 23] - Consumption of a Get request
05-08-2023 15:30:45 [Clase: MakeJsonRequets.java Línea: 58] - El servicio respondio un código 200 OK
05-08-2023 15:30:45 [Clase: MakeJsonRequets.java Línea: 59] - [Ljava.lang.String;@1ddee5a
05-08-2023 15:30:45 [Clase: ConsultCity.java Línea: 27] - Holaa
05-08-2023 15:30:45 [Clase: MakeJsonRequets.java Línea: 23] - Consumption of a Get request
05-08-2023 15:30:45 [Clase: MakeJsonRequets.java Línea: 58] - El servicio respondio un código 200 OK
05-08-2023 15:30:45 [Clase: MakeJsonRequets.java Línea: 59] - [Ljava.lang.String;@140ff5e
05-08-2023 15:43:46 [Clase: MakeJsonRequets.java Línea: 23] - Consumption of a Get request
05-08-2023 15:43:46 [Clase: MakeJsonRequets.java Línea: 58] - El servicio respondio un código 200 OK
05-08-2023 15:43:46 [Clase: MakeJsonRequets.java Línea: 59] - [Ljava.lang.String;@399b9e
05-08-2023 15:43:46 [Clase: ConsultCity.java Línea: 27] - Holaa
05-08-2023 15:43:46 [Clase: MakeJsonRequets.java Línea: 23] - Consumption of a Get request
05-08-2023 15:43:47 [Clase: MakeJsonRequets.java Línea: 58] - El servicio respondio un código 200 OK
05-08-2023 15:43:47 [Clase: MakeJsonRequets.java Línea: 59] - [Ljava.lang.String;@901445
05-08-2023 15:45:47 [Clase: MakeJsonRequets.java Línea: 23] - Consumption of a Get request
05-08-2023 15:45:47 [Clase: MakeJsonRequets.java Línea: 58] - El servicio respondio un código 200 OK
05-08-2023 15:45:47 [Clase: MakeJsonRequets.java Línea: 59] - [Ljava.lang.String;@1ddee5a
05-08-2023 15:45:47 [Clase: ConsultCity.java Línea: 27] - Holaa
05-08-2023 15:45:47 [Clase: MakeJsonRequets.java Línea: 23] - Consumption of a Get request
05-08-2023 15:45:48 [Clase: MakeJsonRequets.java Línea: 58] - El servicio respondio un código 200 OK
05-08-2023 15:45:48 [Clase: MakeJsonRequets.java Línea: 59] - [Ljava.lang.String;@140ff5e
05-08-2023 15:46:14 [Clase: MakeJsonRequets.java Línea: 23] - Consumption of a Get request
05-08-2023 15:46:15 [Clase: MakeJsonRequets.java Línea: 58] - El servicio respondio un código 200 OK
05-08-2023 15:46:15 [Clase: MakeJsonRequets.java Línea: 59] - [Ljava.lang.String;@197a639
05-08-2023 15:46:15 [Clase: ConsultCity.java Línea: 27] - Holaa
05-08-2023 15:46:15 [Clase: MakeJsonRequets.java Línea: 23] - Consumption of a Get request
05-08-2023 15:46:15 [Clase: MakeJsonRequets.java Línea: 58] - El servicio respondio un código 200 OK
05-08-2023 15:46:15 [Clase: MakeJsonRequets.java Línea: 59] - [Ljava.lang.String;@fff386
05-08-2023 15:47:19 [Clase: MakeJsonRequets.java Línea: 23] - Consumption of a Get request
05-08-2023 15:47:20 [Clase: MakeJsonRequets.java Línea: 58] - El servicio respondio un código 200 OK
05-08-2023 15:47:20 [Clase: MakeJsonRequets.java Línea: 59] - [Ljava.lang.String;@1ddee5a
05-08-2023 15:47:20 [Clase: ConsultCity.java Línea: 27] - Holaa
05-08-2023 15:47:20 [Clase: MakeJsonRequets.java Línea: 23] - Consumption of a Get request
05-08-2023 15:47:20 [Clase: MakeJsonRequets.java Línea: 58] - El servicio respondio un código 200 OK
05-08-2023 15:47:20 [Clase: MakeJsonRequets.java Línea: 59] - [Ljava.lang.String;@140ff5e
05-08-2023 15:47:51 [Clase: MakeJsonRequets.java Línea: 23] - Consumption of a Get request
05-08-2023 15:47:51 [Clase: MakeJsonRequets.java Línea: 58] - El servicio respondio un código 200 OK
05-08-2023 15:47:51 [Clase: MakeJsonRequets.java Línea: 59] - [Ljava.lang.String;@1ddee5a
05-08-2023 15:47:51 [Clase: MakeJsonRequets.java Línea: 23] - Consumption of a Get request
05-08-2023 15:47:52 [Clase: MakeJsonRequets.java Línea: 58] - El servicio respondio un código 200 OK
05-08-2023 15:47:52 [Clase: MakeJsonRequets.java Línea: 59] - [Ljava.lang.String;@140ff5e
05-08-2023 15:49:18 [Clase: MakeJsonRequets.java Línea: 23] - Consumption of a Get request
05-08-2023 15:49:18 [Clase: MakeJsonRequets.java Línea: 58] - El servicio respondio un código 200 OK
05-08-2023 15:49:18 [Clase: MakeJsonRequets.java Línea: 59] - [Ljava.lang.String;@1ddee5a
05-08-2023 15:49:18 [Clase: MakeJsonRequets.java Línea: 23] - Consumption of a Get request
05-08-2023 15:49:19 [Clase: MakeJsonRequets.java Línea: 58] - El servicio respondio un código 200 OK
05-08-2023 15:49:19 [Clase: MakeJsonRequets.java Línea: 59] - [Ljava.lang.String;@140ff5e
05-08-2023 15:53:32 [Clase: MakeJsonRequets.java Línea: 23] - Consumption of a Get request
05-08-2023 15:53:33 [Clase: MakeJsonRequets.java Línea: 58] - El servicio respondio un código 200 OK
05-08-2023 15:53:33 [Clase: MakeJsonRequets.java Línea: 59] - [Ljava.lang.String;@1ddee5a
05-08-2023 15:53:33 [Clase: MakeJsonRequets.java Línea: 23] - Consumption of a Get request
05-08-2023 15:53:34 [Clase: MakeJsonRequets.java Línea: 58] - El servicio respondio un código 200 OK
05-08-2023 15:53:34 [Clase: MakeJsonRequets.java Línea: 59] - [Ljava.lang.String;@140ff5e
05-08-2023 16:00:33 [Clase: MakeJsonRequets.java Línea: 23] - Consumption of a Get request
05-08-2023 16:00:33 [Clase: MakeJsonRequets.java Línea: 24] - http://api.openweathermap.org/geo/1.0/direct?q=Medellín&limit=5&appid=9144972807d3a861a62dd82dbbba0d8d
05-08-2023 16:00:33 [Clase: MakeJsonRequets.java Línea: 60] - El servicio respondio un código 200 OK
05-08-2023 16:00:33 [Clase: MakeJsonRequets.java Línea: 61] - [Ljava.lang.String;@1ddee5a
05-08-2023 16:00:33 [Clase: MakeJsonRequets.java Línea: 23] - Consumption of a Get request
05-08-2023 16:00:33 [Clase: MakeJsonRequets.java Línea: 24] - https://api.openweathermap.org/data/2.5/weather?lat=6.2443382&lon=-75.573553&appid=9144972807d3a861a62dd82dbbba0d8d
05-08-2023 16:00:34 [Clase: MakeJsonRequets.java Línea: 60] - El servicio respondio un código 200 OK
05-08-2023 16:00:34 [Clase: MakeJsonRequets.java Línea: 61] - [Ljava.lang.String;@140ff5e
05-08-2023 16:02:20 [Clase: MakeJsonRequets.java Línea: 23] - Consumption of a Get request
05-08-2023 16:02:20 [Clase: MakeJsonRequets.java Línea: 58] - El servicio respondio un código 200 OK
05-08-2023 16:02:20 [Clase: MakeJsonRequets.java Línea: 59] - java.io.ByteArrayInputStream@1ddee5a
05-08-2023 16:02:20 [Clase: MakeJsonRequets.java Línea: 23] - Consumption of a Get request
05-08-2023 16:02:21 [Clase: MakeJsonRequets.java Línea: 58] - El servicio respondio un código 200 OK
05-08-2023 16:02:21 [Clase: MakeJsonRequets.java Línea: 59] - java.io.ByteArrayInputStream@140ff5e
05-08-2023 16:05:28 [Clase: MakeJsonRequets.java Línea: 23] - Consumption of a Get request
05-08-2023 16:05:28 [Clase: MakeJsonRequets.java Línea: 58] - El servicio respondio un código 200 OK
05-08-2023 16:05:28 [Clase: MakeJsonRequets.java Línea: 59] - [Ljava.lang.String;@1ddee5a
05-08-2023 16:05:28 [Clase: MakeJsonRequets.java Línea: 23] - Consumption of a Get request
05-08-2023 16:05:29 [Clase: MakeJsonRequets.java Línea: 58] - El servicio respondio un código 200 OK
05-08-2023 16:05:29 [Clase: MakeJsonRequets.java Línea: 59] - [Ljava.lang.String;@140ff5e
